This is pdfTeX, Version 3.14159265-2.6-1.40.21 (TeX Live 2020/Arch Linux) (preloaded format=pdflatex 2021.4.25)  14 MAY 2021 11:18
entering extended mode
 restricted \write18 enabled.
 %&-line parsing enabled.
**HopProtocol.tex
(./HopProtocol.tex
LaTeX2e <2020-10-01> patch level 2
L3 programming layer <2020-12-03> xparse <2020-03-03>
(/usr/share/texmf-dist/tex/latex/base/article.cls
Document Class: article 2020/04/10 v1.4m Standard LaTeX document class
(/usr/share/texmf-dist/tex/latex/base/size10.clo
File: size10.clo 2020/04/10 v1.4m Standard LaTeX file (size option)
)
\c@part=\count177
\c@section=\count178
\c@subsection=\count179
\c@subsubsection=\count180
\c@paragraph=\count181
\c@subparagraph=\count182
\c@figure=\count183
\c@table=\count184
\abovecaptionskip=\skip47
\belowcaptionskip=\skip48
\bibindent=\dimen138
) (/usr/share/texmf-dist/tex/latex/base/latexsym.sty
Package: latexsym 1998/08/17 v2.2e Standard LaTeX package (lasy symbols)
\symlasy=\mathgroup4
LaTeX Font Info:    Overwriting symbol font `lasy' in version `bold'
(Font)                  U/lasy/m/n --> U/lasy/b/n on input line 52.
) (/usr/share/texmf-dist/tex/latex/base/ifthen.sty
Package: ifthen 2014/09/29 v1.1c Standard LaTeX ifthen package (DPC)
)
\symlength=\skip49
\equalswidth=\skip50
\charwidth=\skip51
\boxrulewd=\skip52
\boxlineht=\skip53
\boxruleht=\skip54
\boxruledp=\skip55
\pcalvspace=\skip56
\lcomindent=\skip57
\@xlen=\skip58
\templena=\skip59
\templenb=\skip60
\tempboxa=\box47
\vshadelen=\skip61
\boxwidth=\skip62
\multicommentdepth=\skip63
\c@pardepth=\count185
\tempsbox=\box48
\@cparht=\skip64
\@cpardp=\skip65
\xmcomlen=\skip66
\spacewidth=\skip67
\alignboxwidth=\skip68
\alignwidth=\skip69
\alignbox=\box49
\symtlaitalics=\mathgroup5
\c@tlx@ctr=\count186
(/usr/share/texmf-dist/tex/latex/tools/verbatim.sty
Package: verbatim 2020-07-07 v1.5u LaTeX2e package for verbatim enhancements
\every@verbatim=\toks15
\verbatim@line=\toks16
\verbatim@in@stream=\read2
) (/usr/share/texmf-dist/tex/latex/l3backend/l3backend-pdftex.def
File: l3backend-pdftex.def 2020-09-24 L3 backend support: PDF output (pdfTeX)
\l__kernel_color_stack_int=\count187
\l__pdf_internal_box=\box50
) (./HopProtocol.aux)
LaTeX Font Info:    Checking defaults for OML/cmm/m/it on input line 937.
LaTeX Font Info:    ... okay on input line 937.
LaTeX Font Info:    Checking defaults for OMS/cmsy/m/n on input line 937.
LaTeX Font Info:    ... okay on input line 937.
LaTeX Font Info:    Checking defaults for OT1/cmr/m/n on input line 937.
LaTeX Font Info:    ... okay on input line 937.
LaTeX Font Info:    Checking defaults for T1/cmr/m/n on input line 937.
LaTeX Font Info:    ... okay on input line 937.
LaTeX Font Info:    Checking defaults for TS1/cmr/m/n on input line 937.
LaTeX Font Info:    ... okay on input line 937.
LaTeX Font Info:    Checking defaults for OMX/cmex/m/n on input line 937.
LaTeX Font Info:    ... okay on input line 937.
LaTeX Font Info:    Checking defaults for U/cmr/m/n on input line 937.
LaTeX Font Info:    ... okay on input line 937.
LaTeX Font Info:    External font `cmex10' loaded for size
(Font)              <7> on input line 939.
LaTeX Font Info:    External font `cmex10' loaded for size
(Font)              <5> on input line 939.
LaTeX Font Info:    Trying to load font information for U+lasy on input line 93
9.
(/usr/share/texmf-dist/tex/latex/base/ulasy.fd
File: ulasy.fd 1998/08/17 v2.2e LaTeX symbol font definitions
)
LaTeX Font Info:    External font `cmex10' loaded for size
(Font)              <8> on input line 1004.
LaTeX Font Info:    External font `cmex10' loaded for size
(Font)              <6> on input line 1004.
[1

{/var/lib/texmf/fonts/map/pdftex/updmap/pdftex.map}] [2] (./HopProtocol.aux) ) 
Here is how much of TeX's memory you used:
 755 strings out of 479383
 10496 string characters out of 5875830
 297004 words of memory out of 5000000
 17919 multiletter control sequences out of 15000+600000
 408600 words of font info for 47 fonts, out of 8000000 for 9000
 1141 hyphenation exceptions out of 8191
 43i,10n,49p,227b,112s stack positions out of 5000i,500n,10000p,200000b,80000s
<
/usr/share/texmf-dist/fonts/type1/public/amsfonts/cm/cmcsc10.pfb></usr/share/te
xmf-dist/fonts/type1/public/amsfonts/cm/cmmi10.pfb></usr/share/texmf-dist/fonts
/type1/public/amsfonts/cm/cmr10.pfb></usr/share/texmf-dist/fonts/type1/public/a
msfonts/cm/cmr5.pfb></usr/share/texmf-dist/fonts/type1/public/amsfonts/cm/cmr8.
pfb></usr/share/texmf-dist/fonts/type1/public/amsfonts/cm/cmr9.pfb></usr/share/
texmf-dist/fonts/type1/public/amsfonts/cm/cmss10.pfb></usr/share/texmf-dist/fon
ts/type1/public/amsfonts/cm/cmsy10.pfb></usr/share/texmf-dist/fonts/type1/publi
c/amsfonts/cm/cmsy7.pfb></usr/share/texmf-dist/fonts/type1/public/amsfonts/cm/c
mti10.pfb></usr/share/texmf-dist/fonts/type1/public/amsfonts/cm/cmti7.pfb></usr
/share/texmf-dist/fonts/type1/public/amsfonts/cm/cmti8.pfb></usr/share/texmf-di
st/fonts/type1/public/amsfonts/latxfont/lasy10.pfb>
Output written on HopProtocol.pdf (2 pages, 122109 bytes).
PDF statistics:
 63 PDF objects out of 1000 (max. 8388607)
 45 compressed objects within 1 object stream
 0 named destinations out of 1000 (max. 500000)
 1 words of extra memory for PDF output out of 10000 (max. 10000000)

